0 info it worked if it ends with ok
1 verbose cli [ 'C:\\Program Files\\nodejs\\node.exe',
1 verbose cli   'C:\\Program Files\\nodejs\\node_modules\\npm\\bin\\npm-cli.js',
1 verbose cli   'run',
1 verbose cli   'dev' ]
2 info using npm@3.10.10
3 info using node@v6.14.4
4 verbose run-script [ 'predev', 'dev', 'postdev' ]
5 info lifecycle config02@1.0.0~predev: config02@1.0.0
6 silly lifecycle config02@1.0.0~predev: no script for predev, continuing
7 info lifecycle config02@1.0.0~dev: config02@1.0.0
8 verbose lifecycle config02@1.0.0~dev: unsafe-perm in lifecycle true
9 verbose lifecycle config02@1.0.0~dev: PATH: C:\Users\FF\AppData\Roaming\nvm\v6.14.4\node_modules\npm\bin\node-gyp-bin;C:\Users\FF\Desktop\workspace\Config02\node_modules\.bin;C:\Users\FF\Documents\Softwares\cmder\bin;C:\Users\FF\Documents\Softwares\cmder\vendor\bin;C:\Users\FF\Documents\Softwares\cmder\vendor\conemu-maximus5\ConEmu\Scripts;C:\Users\FF\Documents\Softwares\cmder\vendor\conemu-maximus5;C:\Users\FF\Documents\Softwares\cmder\vendor\conemu-maximus5\ConEmu;C:\Windows\system32;C:\Windows;C:\Windows\System32\Wbem;C:\Windows\System32\WindowsPowerShell\v1.0\;C:\Windows\System32\OpenSSH\;C:\Users\FF\AppData\Roaming\nvm;C:\Program Files\nodejs;C:\Program Files\NVIDIA Corporation\NVIDIA NvDLISR;C:\Program Files (x86)\NVIDIA Corporation\PhysX\Common;C:\Users\FF\AppData\Local\Microsoft\WindowsApps;C:\Users\FF\AppData\Local\Programs\Microsoft VS Code\bin;C:\Users\FF\AppData\Roaming\nvm;C:\Program Files\nodejs;C:\Users\FF\Documents\Softwares\cmder\vendor\git-for-windows\cmd;C:\Users\FF\Documents\Softwares\cmder\vendor\git-for-windows\mingw64\bin;C:\Users\FF\Documents\Softwares\cmder\vendor\git-for-windows\usr\bin;C:\Users\FF\Documents\Softwares\cmder
10 verbose lifecycle config02@1.0.0~dev: CWD: C:\Users\FF\Desktop\workspace\Config02
11 silly lifecycle config02@1.0.0~dev: Args: [ '/d /s /c', 'webpack --env development' ]
12 silly lifecycle config02@1.0.0~dev: Returned: code: 1  signal: null
13 info lifecycle config02@1.0.0~dev: Failed to exec dev script
14 verbose stack Error: config02@1.0.0 dev: `webpack --env development`
14 verbose stack Exit status 1
14 verbose stack     at EventEmitter.<anonymous> (C:\Users\FF\AppData\Roaming\nvm\v6.14.4\node_modules\npm\lib\utils\lifecycle.js:255:16)
14 verbose stack     at emitTwo (events.js:106:13)
14 verbose stack     at EventEmitter.emit (events.js:191:7)
14 verbose stack     at ChildProcess.<anonymous> (C:\Users\FF\AppData\Roaming\nvm\v6.14.4\node_modules\npm\lib\utils\spawn.js:40:14)
14 verbose stack     at emitTwo (events.js:106:13)
14 verbose stack     at ChildProcess.emit (events.js:191:7)
14 verbose stack     at maybeClose (internal/child_process.js:920:16)
14 verbose stack     at Process.ChildProcess._handle.onexit (internal/child_process.js:230:5)
15 verbose pkgid config02@1.0.0
16 verbose cwd C:\Users\FF\Desktop\workspace\Config02
17 error Windows_NT 10.0.17763
18 error argv "C:\\Program Files\\nodejs\\node.exe" "C:\\Program Files\\nodejs\\node_modules\\npm\\bin\\npm-cli.js" "run" "dev"
19 error node v6.14.4
20 error npm  v3.10.10
21 error code ELIFECYCLE
22 error config02@1.0.0 dev: `webpack --env development`
22 error Exit status 1
23 error Failed at the config02@1.0.0 dev script 'webpack --env development'.
23 error Make sure you have the latest version of node.js and npm installed.
23 error If you do, this is most likely a problem with the config02 package,
23 error not with npm itself.
23 error Tell the author that this fails on your system:
23 error     webpack --env development
23 error You can get information on how to open an issue for this project with:
23 error     npm bugs config02
23 error Or if that isn't available, you can get their info via:
23 error     npm owner ls config02
23 error There is likely additional logging output above.
24 verbose exit [ 1, true ]
